True C:\Users\karmu\Desktop\STUDIUM -Homework- 
True C:\Users\karmu\Desktop\STUDIUM 0-Умение учиться 
True C:\Users\karmu\Desktop\STUDIUM 1-Введение в программирование 
True C:\Users\karmu\Desktop\STUDIUM 1 .2-Математика и информатика для программистов
True C:\Users\karmu\Desktop\STUDIUM 10 - БД 
True C:\Users\karmu\Desktop\STUDIUM 11 - Exceptions 
True C:\Users\karmu\Desktop\STUDIUM 12 - Контейнеризация 
True C:\Users\karmu\Desktop\STUDIUM 2-Введение в контроль версий 
True C:\Users\karmu\Desktop\STUDIUM 3-Знакомство с языками программирования 
True C:\Users\karmu\Desktop\STUDIUM 4 - Знакомство с базами данных 
True C:\Users\karmu\Desktop\STUDIUM 5 - Python 
True C:\Users\karmu\Desktop\STUDIUM 6 - Camp_Prog 
True C:\Users\karmu\Desktop\STUDIUM 7 - Java 
True C:\Users\karmu\Desktop\STUDIUM 8 - OOP 
True C:\Users\karmu\Desktop\STUDIUM 9 - Linux 
True C:\Users\karmu\Desktop\STUDIUM Diplom 
False C:\Users\karmu\Desktop\STUDIUM git .jpg
True C:\Users\karmu\Desktop\STUDIUM Git2intro 
True C:\Users\karmu\Desktop\STUDIUM Документики 
False C:\Users\karmu\Desktop\STUDIUM отзыв ООП .txt
True C:\Users\karmu\Desktop\STUDIUM Умные книжки 
