ERROR 2023-09-11 15:53:09,958 views 12748 19596 Error in about page: division by zero
Traceback (most recent call last):
  File "C:\Users\karmu\Desktop\STUDIUM\5 - Python\karmaproject\dz_karmaapp\views.py", line 15, in about
    result = 1 / 0
ZeroDivisionError: division by zero
INFO 2023-09-11 15:58:59,866 views 25520 11480 Main page accessed
DEBUG 2023-09-11 16:01:51,105 views 12252 22772 About page accessed
DEBUG 2023-09-11 16:02:02,661 views 32796 25340 About page accessed
DEBUG 2023-09-11 16:02:04,267 views 32796 25340 About page accessed
DEBUG 2023-09-11 16:02:06,489 views 32796 25340 About page accessed
DEBUG 2023-09-11 16:02:42,682 views 26356 21048 About page accessed
DEBUG 2023-09-11 16:03:12,194 views 35716 6216 About page accessed
DEBUG 2023-09-11 16:03:53,949 views 36392 8540 About page accessed
INFO 2023-09-20 13:54:05,060 views 21992 14704 Main page accessed
DEBUG 2023-09-20 13:54:40,392 views 21992 15552 About page accessed
INFO 2023-09-21 18:37:33,313 views 6560 14676 Got: form.cleaned_data={'name': 'Ola', 'description': 'egethsrj', 'price': Decimal('444'), 'foto': <TemporaryUploadedFile: IMG_20200327_135719.jpg (image/jpeg)>, 'quantity': 44}
INFO 2023-09-21 18:38:06,202 views 6560 14676 Client: name='cmdgmdgm', email='ererg@vk.team', tel='5635636', address='thdk.jdjn'
INFO 2023-09-24 11:29:41,371 views 19064 13012 Client: name='Karma', email='karma@vk.team', tel='4837294', address='blablabla'
INFO 2023-09-24 11:29:53,481 views 19064 13012 Client: name='Karma2', email='karma2@vk.team', tel='483729455', address='blablablabaerrsthrth'
INFO 2023-09-24 11:30:03,928 views 19064 13012 Client: name='Karma3', email='karma3@vk.team', tel='483729455', address='dfnyf,l,ykFRDRGWht'
INFO 2023-09-24 11:30:11,239 views 19064 13012 Client: name='Karma3', email='karma3@vk.team', tel='483729455', address='dfnyf\r\nykFRDRGWht'
INFO 2023-09-24 11:30:35,658 views 19064 13012 Client: name='Karma3', email='karma3@vk.team', tel='4837277', address='dfnyf\r\nykFRDRGWht'
INFO 2023-09-24 11:53:33,940 views 8580 21512 Main page accessed
INFO 2023-09-24 11:54:09,865 views 8580 21512 Main page accessed
INFO 2023-09-24 12:02:29,519 views 15656 5172 Main page accessed
INFO 2023-09-24 12:02:31,172 views 15656 5172 Main page accessed
INFO 2023-09-24 12:03:59,597 views 20744 15972 Main page accessed
INFO 2023-09-24 12:04:05,178 views 20744 15972 Main page accessed
DEBUG 2023-09-24 12:04:41,928 views 20744 22220 About page accessed
DEBUG 2023-09-24 12:05:59,376 views 23480 25196 About page accessed
INFO 2023-09-24 12:06:02,570 views 23480 25196 Main page accessed
INFO 2023-09-24 12:08:38,003 views 23480 25196 Main page accessed
DEBUG 2023-09-24 12:08:42,413 views 23480 20312 About page accessed
INFO 2023-09-24 12:15:32,427 views 15288 23296 Main page accessed
DEBUG 2023-09-24 12:16:02,946 views 23724 20192 About page accessed
DEBUG 2023-09-24 12:17:06,820 views 10848 19592 About page accessed
DEBUG 2023-09-24 12:17:18,074 views 25584 19876 About page accessed
INFO 2023-09-24 12:20:11,356 views 7552 23516 Main page accessed
